<?xml version="1.0" encoding="UTF-8"?>
<!-- Generated by org.testng.reporters.JUnitReportReporter -->
<testsuite hostname="win2019" failures="0" tests="1" name="com.navigationCmd.NavigateForward" time="16.748" errors="0" timestamp="2024-08-20T21:25:59 PDT" skipped="0">
  <testcase classname="com.navigationCmd.NavigateForward" name="NavigateFor" time="16.748"/>
  <system-out/>
</testsuite> <!-- com.navigationCmd.NavigateForward -->
